{
    "files": {
        "fuzzer.py": {
            "excluded_lines": [
                340, 
                341
            ], 
            "missing_lines": [
                1, 
                2, 
                3, 
                4, 
                5, 
                6, 
                7, 
                8, 
                9, 
                10, 
                11, 
                12, 
                13, 
                14, 
                15, 
                16, 
                17, 
                18, 
                19, 
                21, 
                22, 
                23, 
                24, 
                25, 
                27, 
                38, 
                39, 
                40, 
                42, 
                43, 
                44, 
                45, 
                46, 
                47, 
                48, 
                49, 
                50, 
                51, 
                52, 
                53, 
                54, 
                55, 
                57, 
                58, 
                59, 
                60, 
                61, 
                62, 
                63, 
                64, 
                65, 
                67, 
                69, 
                70, 
                71, 
                72, 
                73, 
                74, 
                75, 
                76, 
                78, 
                80, 
                81, 
                83, 
                84, 
                88, 
                89, 
                90, 
                91, 
                92, 
                93, 
                95, 
                98, 
                99, 
                101, 
                102, 
                104, 
                105, 
                106, 
                107, 
                108, 
                110, 
                113, 
                116, 
                117, 
                118, 
                119, 
                120, 
                121, 
                122, 
                123, 
                126, 
                127, 
                130, 
                131, 
                133, 
                134, 
                136, 
                137, 
                138, 
                139, 
                140, 
                141, 
                142, 
                143, 
                146, 
                147, 
                148, 
                149, 
                150, 
                151, 
                152, 
                153, 
                154, 
                155, 
                156, 
                158, 
                159, 
                160, 
                161, 
                162, 
                163, 
                164, 
                165, 
                166, 
                168, 
                169, 
                173, 
                175, 
                177, 
                179, 
                181, 
                182, 
                183, 
                185, 
                194, 
                195, 
                197, 
                205, 
                207, 
                208, 
                209, 
                210, 
                277, 
                285, 
                287, 
                289, 
                290, 
                291, 
                294, 
                296, 
                297, 
                298, 
                299, 
                301, 
                306, 
                311, 
                312, 
                313, 
                314, 
                315, 
                316, 
                318, 
                320, 
                322, 
                324, 
                325, 
                326, 
                329, 
                330, 
                331, 
                332, 
                333, 
                336, 
                338
            ], 
            "executed_lines": [
                28, 
                29, 
                30, 
                31, 
                35, 
                36, 
                37, 
                186, 
                187, 
                188, 
                189, 
                190, 
                191, 
                192, 
                198, 
                201, 
                202, 
                203, 
                206, 
                211, 
                212, 
                213, 
                214, 
                215, 
                216, 
                217, 
                218, 
                219, 
                220, 
                221, 
                222, 
                223, 
                224, 
                225, 
                226, 
                227, 
                228, 
                229, 
                230, 
                231, 
                232, 
                233, 
                234, 
                235, 
                236, 
                237, 
                238, 
                239, 
                240, 
                241, 
                242, 
                243, 
                244, 
                245, 
                246, 
                247, 
                248, 
                249, 
                250, 
                251, 
                252, 
                253, 
                254, 
                255, 
                256, 
                257, 
                258, 
                259, 
                260, 
                261, 
                263, 
                264, 
                269, 
                270, 
                271, 
                272, 
                273, 
                274, 
                275, 
                278, 
                279, 
                280, 
                281, 
                282, 
                283, 
                284, 
                303
            ], 
            "summary": {
                "excluded_lines": 2, 
                "missing_lines": 175, 
                "covered_lines": 87, 
                "num_statements": 262, 
                "percent_covered": 33.20610687022901
            }
        }, 
        "coapthon/messages/request.py": {
            "excluded_lines": [], 
            "missing_lines": [
                1, 
                2, 
                3, 
                5, 
                8, 
                12, 
                19, 
                27, 
                28, 
                29, 
                30, 
                31, 
                32, 
                33, 
                35, 
                52, 
                53, 
                55, 
                62, 
                71, 
                72, 
                73, 
                74, 
                75, 
                77, 
                84, 
                85, 
                86, 
                87, 
                88, 
                89, 
                90, 
                92, 
                97, 
                99, 
                107, 
                108, 
                109, 
                110, 
                112, 
                119, 
                120, 
                121, 
                122, 
                123, 
                125, 
                130, 
                132, 
                140, 
                141, 
                142, 
                143, 
                144, 
                146, 
                154, 
                155, 
                156, 
                157, 
                158, 
                159, 
                161, 
                166, 
                168, 
                176, 
                177, 
                178, 
                179, 
                181, 
                185, 
                186, 
                187, 
                188, 
                190, 
                195, 
                197, 
                205, 
                206, 
                207, 
                208, 
                210, 
                217, 
                218, 
                219, 
                220, 
                222, 
                227, 
                229, 
                237, 
                238, 
                239, 
                240, 
                242, 
                249, 
                250, 
                251, 
                252, 
                254, 
                259
            ], 
            "executed_lines": [
                17, 
                42, 
                43, 
                44, 
                45, 
                46, 
                47, 
                48, 
                49, 
                50, 
                51, 
                60
            ], 
            "summary": {
                "excluded_lines": 0, 
                "missing_lines": 98, 
                "covered_lines": 12, 
                "num_statements": 110, 
                "percent_covered": 10.909090909090908
            }
        }, 
        "coapthon/messages/message.py": {
            "excluded_lines": [], 
            "missing_lines": [
                1, 
                2, 
                3, 
                5, 
                8, 
                12, 
                32, 
                39, 
                41, 
                50, 
                53, 
                62, 
                72, 
                75, 
                84, 
                94, 
                97, 
                102, 
                104, 
                113, 
                128, 
                131, 
                136, 
                138, 
                148, 
                156, 
                157, 
                158, 
                159, 
                161, 
                170, 
                178, 
                179, 
                180, 
                184, 
                194, 
                204, 
                207, 
                215, 
                217, 
                227, 
                230, 
                240, 
                250, 
                253, 
                260, 
                262, 
                270, 
                271, 
                272, 
                273, 
                274, 
                275, 
                277, 
                284, 
                286, 
                294, 
                295, 
                296, 
                297, 
                298, 
                299, 
                301, 
                309, 
                311, 
                320, 
                321, 
                322, 
                323, 
                324, 
                325, 
                327, 
                334, 
                336, 
                344, 
                345, 
                347, 
                352, 
                354, 
                362, 
                364, 
                374, 
                377, 
                390, 
                396, 
                403, 
                404, 
                405, 
                407, 
                414, 
                415, 
                416, 
                417, 
                419, 
                431, 
                439, 
                440, 
                441, 
                442, 
                443, 
                445, 
                452, 
                453, 
                454, 
                455, 
                456, 
                457, 
                458, 
                460, 
                466, 
                468, 
                475, 
                476, 
                477, 
                478, 
                479, 
                481, 
                489, 
                490, 
                491, 
                492, 
                494, 
                500, 
                502, 
                509, 
                510, 
                513, 
                514, 
                515, 
                516, 
                518, 
                531, 
                536, 
                538, 
                545, 
                546, 
                547, 
                548, 
                549, 
                551, 
                558, 
                559, 
                560, 
                561, 
                562, 
                563, 
                564, 
                565, 
                566, 
                567, 
                568, 
                569, 
                570, 
                571, 
                572, 
                574, 
                576, 
                577, 
                578, 
                580, 
                581, 
                583, 
                588, 
                590, 
                597, 
                598, 
                599, 
                600, 
                601, 
                603, 
                610, 
                611, 
                612, 
                613, 
                614, 
                615, 
                616, 
                617, 
                618, 
                619, 
                620, 
                621, 
                622, 
                623, 
                624, 
                626, 
                628, 
                629, 
                630, 
                632, 
                633, 
                635, 
                640, 
                642, 
                649, 
                651, 
                652, 
                654, 
                657, 
                658, 
                659, 
                660, 
                661, 
                662, 
                664, 
                665, 
                667, 
                668, 
                670, 
                671, 
                673
            ], 
            "executed_lines": [
                16, 
                17, 
                18, 
                19, 
                20, 
                21, 
                22, 
                23, 
                24, 
                25, 
                26, 
                27, 
                28, 
                29, 
                30, 
                49, 
                51, 
                60, 
                71, 
                73, 
                82, 
                93, 
                95, 
                111, 
                122, 
                123, 
                124, 
                125, 
                126, 
                127, 
                129, 
                146, 
                168, 
                177, 
                182, 
                192, 
                203, 
                205, 
                226, 
                228, 
                238, 
                249, 
                251, 
                372, 
                373, 
                375, 
                385, 
                386, 
                387, 
                388, 
                389, 
                392, 
                394, 
                426, 
                427, 
                428, 
                429, 
                525, 
                526, 
                527, 
                528, 
                529, 
                679, 
                680, 
                681, 
                682, 
                683, 
                684, 
                685, 
                687, 
                688, 
                689, 
                690, 
                691, 
                692, 
                693
            ], 
            "summary": {
                "excluded_lines": 0, 
                "missing_lines": 211, 
                "covered_lines": 76, 
                "num_statements": 287, 
                "percent_covered": 26.480836236933797
            }
        }, 
        "coapthon/messages/option.py": {
            "excluded_lines": [], 
            "missing_lines": [
                1, 
                2, 
                4, 
                7, 
                11, 
                18, 
                27, 
                37, 
                45, 
                54, 
                69, 
                79, 
                82, 
                89, 
                96, 
                97, 
                99, 
                109, 
                118, 
                127
            ], 
            "executed_lines": [
                15, 
                16, 
                25, 
                35, 
                44, 
                46, 
                47, 
                48, 
                49, 
                51, 
                52, 
                61, 
                62, 
                63, 
                64, 
                65, 
                66, 
                67, 
                76, 
                77, 
                78, 
                80, 
                107, 
                116
            ], 
            "summary": {
                "excluded_lines": 0, 
                "missing_lines": 20, 
                "covered_lines": 24, 
                "num_statements": 44, 
                "percent_covered": 54.54545454545455
            }
        }, 
        "coapthon/serializer.py": {
            "excluded_lines": [
                77, 
                78, 
                79, 
                80, 
                81, 
                85, 
                123, 
                124
            ], 
            "missing_lines": [
                1, 
                2, 
                3, 
                4, 
                5, 
                6, 
                7, 
                8, 
                10, 
                12, 
                15, 
                19, 
                44, 
                45, 
                88, 
                116, 
                125, 
                126, 
                128, 
                141, 
                174, 
                175, 
                177, 
                178, 
                185, 
                186, 
                201, 
                202, 
                203, 
                225, 
                230, 
                233, 
                237, 
                246, 
                255, 
                263, 
                264, 
                265, 
                266, 
                267, 
                268, 
                269, 
                270, 
                271, 
                272, 
                273, 
                275, 
                277, 
                291, 
                292, 
                293, 
                294, 
                295, 
                296, 
                297, 
                299, 
                303, 
                304, 
                305, 
                306, 
                307, 
                308, 
                310, 
                313, 
                326, 
                328, 
                330, 
                332, 
                340, 
                351, 
                363, 
                364, 
                366, 
                368, 
                369, 
                387
            ], 
            "executed_lines": [
                29, 
                30, 
                31, 
                32, 
                33, 
                34, 
                35, 
                36, 
                37, 
                38, 
                39, 
                40, 
                41, 
                42, 
                43, 
                47, 
                48, 
                49, 
                50, 
                51, 
                52, 
                53, 
                54, 
                55, 
                56, 
                57, 
                59, 
                60, 
                61, 
                62, 
                63, 
                64, 
                65, 
                66, 
                67, 
                68, 
                71, 
                72, 
                74, 
                75, 
                76, 
                87, 
                89, 
                90, 
                91, 
                92, 
                93, 
                94, 
                95, 
                96, 
                98, 
                99, 
                100, 
                101, 
                103, 
                104, 
                105, 
                107, 
                108, 
                109, 
                111, 
                114, 
                117, 
                118, 
                119, 
                120, 
                121, 
                122, 
                138, 
                140, 
                143, 
                144, 
                145, 
                146, 
                147, 
                148, 
                150, 
                152, 
                153, 
                154, 
                156, 
                157, 
                158, 
                161, 
                162, 
                163, 
                166, 
                167, 
                168, 
                169, 
                170, 
                173, 
                176, 
                181, 
                182, 
                183, 
                184, 
                189, 
                190, 
                191, 
                192, 
                193, 
                194, 
                195, 
                196, 
                197, 
                198, 
                199, 
                207, 
                209, 
                211, 
                216, 
                217, 
                219, 
                220, 
                221, 
                223, 
                224, 
                226, 
                227, 
                228, 
                229, 
                235, 
                244, 
                253, 
                285, 
                286, 
                287, 
                288, 
                289, 
                290, 
                301, 
                302, 
                311, 
                323, 
                325, 
                327, 
                329, 
                331, 
                333, 
                334, 
                335, 
                336, 
                338, 
                347, 
                348, 
                349, 
                359, 
                360, 
                361, 
                362, 
                383, 
                384, 
                386, 
                389, 
                390, 
                391, 
                392, 
                393, 
                394, 
                396
            ], 
            "summary": {
                "excluded_lines": 8, 
                "missing_lines": 76, 
                "covered_lines": 161, 
                "num_statements": 237, 
                "percent_covered": 67.9324894514768
            }
        }
    }, 
    "meta": {
        "timestamp": "2024-04-28T17:55:09.081655", 
        "show_contexts": false, 
        "version": "5.5", 
        "branch_coverage": false
    }, 
    "totals": {
        "excluded_lines": 10, 
        "missing_lines": 580, 
        "covered_lines": 360, 
        "num_statements": 940, 
        "percent_covered": 38.297872340425535
    }
}